2017-07-12 10:55:57,685 [14436] ERROR DefaultBootstrap - The process crashed for an unhandled exception!
System.NullReferenceException: Object reference not set to an instance of an object.
   at MyRouteService.TCPSocketServer.checkPendingOngoingCall(Object state) in D:\code\RouteService\MySuperSocketServiceWhichHostWCF\TCPSocketServer.cs:line 1269
   at System.Threading.TimerQueueTimer.CallCallbackInContext(Object state)
   at System.Threading.ExecutionContext.RunInternal(ExecutionContext executionContext, ContextCallback callback, Object state, Boolean preserveSyncCtx)
   at System.Threading.ExecutionContext.Run(ExecutionContext executionContext, ContextCallback callback, Object state, Boolean preserveSyncCtx)
   at System.Threading.TimerQueueTimer.CallCallback()
   at System.Threading.TimerQueueTimer.Fire()
   at System.Threading.TimerQueue.FireNextTimers()
   at System.Threading.TimerQueue.AppDomainTimerCallback()
2017-07-12 17:05:33,403 [4552] ERROR DefaultBootstrap - The process crashed for an unhandled exception!
System.ArgumentOutOfRangeException: Index was out of range. Must be non-negative and less than the size of the collection.
Parameter name: index
   at System.ThrowHelper.ThrowArgumentOutOfRangeException(ExceptionArgument argument, ExceptionResource resource)
   at System.Collections.Generic.List`1.get_Item(Int32 index)
   at MyRouteService.TCPSocketServer.checkPendingOngoingCall(Object state) in D:\code\RouteService\MySuperSocketServiceWhichHostWCF\TCPSocketServer.cs:line 1473
   at System.Threading.TimerQueueTimer.CallCallbackInContext(Object state)
   at System.Threading.ExecutionContext.RunInternal(ExecutionContext executionContext, ContextCallback callback, Object state, Boolean preserveSyncCtx)
   at System.Threading.ExecutionContext.Run(ExecutionContext executionContext, ContextCallback callback, Object state, Boolean preserveSyncCtx)
   at System.Threading.TimerQueueTimer.CallCallback()
   at System.Threading.TimerQueueTimer.Fire()
   at System.Threading.TimerQueue.FireNextTimers()
   at System.Threading.TimerQueue.AppDomainTimerCallback()
