2017-06-22 15:50:38,355 INFO  - Router client[1] started.
2017-06-22 15:50:38,373 INFO  - Router client[2] started.
2017-06-22 15:50:38,378 INFO  - Checker is working.
2017-06-22 15:50:38,380 INFO  - Checker is working.
2017-06-22 15:50:38,380 INFO  - Router client[3] started.
2017-06-22 15:50:38,383 INFO  - Hourly report: [1]: hour:0 day:0 total:0
2017-06-22 15:50:38,383 INFO  - Router client[4] started.
2017-06-22 15:50:38,406 INFO  - Checker is working.
2017-06-22 15:50:38,407 INFO  - Hourly report: [3]: hour:0 day:0 total:0
2017-06-22 15:50:38,408 INFO  - Send request[201706220300000001]
2017-06-22 15:50:38,383 INFO  - Hourly report: [2]: hour:0 day:0 total:0
2017-06-22 15:50:38,417 INFO  - Send request[201706220200000001]
2017-06-22 15:50:38,408 INFO  - Send request[201706220100000001]
2017-06-22 15:50:38,414 INFO  - Checker is working.
2017-06-22 15:50:38,425 INFO  - Hourly report: [4]: hour:0 day:0 total:0
2017-06-22 15:50:38,429 INFO  - Send request[201706220400000001]
2017-06-22 15:50:38,720 INFO  - Send request[201706220200000002]
2017-06-22 15:50:38,836 INFO  - Send request[201706220400000002]
2017-06-22 15:50:39,128 INFO  - Send request[201706220100000002]
2017-06-22 15:50:39,229 INFO  - Send request[201706220100000003]
2017-06-22 15:50:39,312 INFO  - Send request[201706220300000002]
2017-06-22 15:50:39,425 INFO  - Send request[201706220200000003]
2017-06-22 15:50:39,539 INFO  - Send request[201706220400000003]
2017-06-22 15:50:39,832 INFO  - Send request[201706220100000004]
2017-06-22 15:50:39,927 INFO  - Send request[201706220200000004]
2017-06-22 15:50:40,316 INFO  - Send request[201706220300000003]
2017-06-22 15:50:40,334 INFO  - Send request[201706220100000005]
2017-06-22 15:50:40,430 INFO  - Send request[201706220200000005]
2017-06-22 15:50:40,436 INFO  - Send request[201706220100000006]
2017-06-22 15:50:40,543 INFO  - Send request[201706220400000004]
2017-06-22 15:50:40,945 INFO  - Send request[201706220400000005]
2017-06-22 15:50:41,018 INFO  - Send request[201706220300000004]
2017-06-22 15:50:41,033 INFO  - Send request[201706220200000006]
2017-06-22 15:50:41,340 INFO  - Send request[201706220100000007]
2017-06-22 15:50:41,435 INFO  - Send request[201706220200000007]
2017-06-22 15:50:41,448 INFO  - Send request[201706220400000006]
2017-06-22 15:50:41,649 INFO  - Send request[201706220400000007]
2017-06-22 15:50:41,844 INFO  - Send request[201706220100000008]
2017-06-22 15:50:41,922 INFO  - Send request[201706220300000005]
2017-06-22 15:50:42,247 INFO  - Send request[201706220100000009]
2017-06-22 15:50:42,339 INFO  - Send request[201706220200000008]
2017-06-22 15:50:42,449 INFO  - Send request[201706220100000010]
2017-06-22 15:50:42,455 INFO  - Send request[201706220400000008]
2017-06-22 15:50:42,726 INFO  - Send request[201706220300000006]
2017-06-22 15:50:42,742 INFO  - Send request[201706220200000009]
2017-06-22 15:50:42,958 INFO  - Send request[201706220400000009]
2017-06-22 15:50:43,433 INFO  - Send request[201706220300000007]
2017-06-22 15:50:43,534 INFO  - Send request[201706220300000008]
2017-06-22 15:50:43,547 INFO  - Send request[201706220200000010]
2017-06-22 15:50:43,763 INFO  - Send request[201706220400000010]
2017-06-22 15:50:44,344 INFO  - Send request[201706220300000009]
2017-06-22 15:50:44,949 INFO  - Send request[201706220300000010]
2017-06-22 15:51:44,179 INFO  - Thread is stopping, cancel sleep.
2017-06-22 15:51:44,179 INFO  - Checker stopped.
2017-06-22 15:51:45,097 INFO  - wait for stopped signal...
2017-06-22 15:51:45,099 INFO  - Router client[1] stopped.
2017-06-22 15:51:45,184 INFO  - Thread is stopping, cancel sleep.
2017-06-22 15:51:45,185 INFO  - Checker stopped.
2017-06-22 15:51:46,101 INFO  - wait for stopped signal...
2017-06-22 15:51:46,102 INFO  - Router client[2] stopped.
2017-06-22 15:51:46,190 INFO  - Thread is stopping, cancel sleep.
2017-06-22 15:51:46,190 INFO  - Checker stopped.
2017-06-22 15:51:47,104 INFO  - wait for stopped signal...
2017-06-22 15:51:47,104 INFO  - Router client[3] stopped.
2017-06-22 15:51:47,197 INFO  - Checker stopped.
2017-06-22 15:51:48,106 INFO  - wait for stopped signal...
2017-06-22 15:51:48,106 INFO  - Router client[4] stopped.
2017-06-22 15:55:46,457 INFO  - Router client[1] started.
2017-06-22 15:55:46,477 INFO  - Router client[2] started.
2017-06-22 15:55:46,479 INFO  - Router client[3] started.
2017-06-22 15:55:46,481 INFO  - Checker is working.
2017-06-22 15:55:46,482 INFO  - Router client[4] started.
2017-06-22 15:55:46,481 INFO  - Checker is working.
2017-06-22 15:55:46,484 INFO  - Checker is working.
2017-06-22 15:55:46,494 INFO  - Hourly report: [1]: hour:0 day:0 total:1
2017-06-22 15:55:46,494 INFO  - Checker is working.
2017-06-22 15:55:46,496 INFO  - Hourly report: [4]: hour:0 day:0 total:1
2017-06-22 15:55:46,494 INFO  - Hourly report: [2]: hour:0 day:0 total:1
2017-06-22 15:55:46,498 INFO  - Send request[201706220200000001]
2017-06-22 15:55:46,497 INFO  - Send request[201706220100000001]
2017-06-22 15:55:46,498 INFO  - Send request[201706220400000001]
2017-06-22 15:55:46,495 INFO  - Hourly report: [3]: hour:0 day:0 total:1
2017-06-22 15:55:46,501 INFO  - Send request[201706220300000001]
2017-06-22 15:55:46,803 INFO  - Send request[201706220400000002]
2017-06-22 15:55:46,803 INFO  - Send request[201706220100000002]
2017-06-22 15:55:46,903 INFO  - Send request[201706220200000002]
2017-06-22 15:55:47,105 INFO  - Send request[201706220400000003]
2017-06-22 15:55:47,307 INFO  - Send request[201706220100000003]
2017-06-22 15:55:47,408 INFO  - Send request[201706220300000002]
2017-06-22 15:55:47,711 INFO  - Send request[201706220100000004]
2017-06-22 15:55:47,810 INFO  - Send request[201706220300000003]
2017-06-22 15:55:47,909 INFO  - Send request[201706220200000003]
2017-06-22 15:55:47,913 INFO  - Send request[201706220100000005]
2017-06-22 15:55:48,010 INFO  - Send request[201706220400000004]
2017-06-22 15:55:48,111 INFO  - Send request[201706220200000004]
2017-06-22 15:55:48,111 INFO  - Send request[201706220400000005]
2017-06-22 15:55:48,114 INFO  - Send request[201706220100000006]
2017-06-22 15:55:48,315 INFO  - Send request[201706220400000006]
2017-06-22 15:55:48,619 INFO  - Send request[201706220100000007]
2017-06-22 15:55:48,816 INFO  - Send request[201706220300000004]
2017-06-22 15:55:49,016 INFO  - Send request[201706220200000005]
2017-06-22 15:55:49,117 INFO  - Send request[201706220300000005]
2017-06-22 15:55:49,220 INFO  - Send request[201706220400000007]
2017-06-22 15:55:49,318 INFO  - Send request[201706220200000006]
2017-06-22 15:55:49,523 INFO  - Send request[201706220100000008]
2017-06-22 15:55:49,721 INFO  - Send request[201706220300000006]
2017-06-22 15:55:49,723 INFO  - Send request[201706220400000008]
2017-06-22 15:55:49,725 INFO  - Send request[201706220100000009]
2017-06-22 15:55:50,022 INFO  - Send request[201706220200000007]
2017-06-22 15:55:50,023 INFO  - Send request[201706220300000007]
2017-06-22 15:55:50,025 INFO  - Send request[201706220400000009]
2017-06-22 15:55:50,124 INFO  - Send request[201706220300000008]
2017-06-22 15:55:50,126 INFO  - Send request[201706220400000010]
2017-06-22 15:55:50,730 INFO  - Send request[201706220100000010]
2017-06-22 15:55:51,028 INFO  - Send request[201706220200000008]
2017-06-22 15:55:51,030 INFO  - Send request[201706220300000009]
2017-06-22 15:55:51,431 INFO  - Send request[201706220300000010]
2017-06-22 15:55:51,630 INFO  - Send request[201706220200000009]
2017-06-22 15:55:52,434 INFO  - Send request[201706220200000010]
2017-06-22 15:56:30,419 INFO  - Thread is stopping, cancel sleep.
2017-06-22 15:56:30,420 INFO  - Checker stopped.
2017-06-22 15:56:31,375 INFO  - wait for stopped signal...
2017-06-22 15:56:31,375 INFO  - Router client[1] stopped.
2017-06-22 15:56:31,417 INFO  - Thread is stopping, cancel sleep.
2017-06-22 15:56:31,417 INFO  - Checker stopped.
2017-06-22 15:56:32,377 INFO  - wait for stopped signal...
2017-06-22 15:56:32,377 INFO  - Router client[2] stopped.
2017-06-22 15:56:32,415 INFO  - Thread is stopping, cancel sleep.
2017-06-22 15:56:32,416 INFO  - Checker stopped.
2017-06-22 15:56:33,378 INFO  - wait for stopped signal...
2017-06-22 15:56:33,391 INFO  - Router client[3] stopped.
2017-06-22 15:56:33,419 INFO  - Thread is stopping, cancel sleep.
2017-06-22 15:56:33,419 INFO  - Checker stopped.
2017-06-22 15:56:34,394 INFO  - wait for stopped signal...
2017-06-22 15:56:34,394 INFO  - Router client[4] stopped.
2017-06-22 15:56:59,720 INFO  - Router client[1] started.
2017-06-22 15:56:59,734 INFO  - Router client[2] started.
2017-06-22 15:56:59,737 INFO  - Router client[3] started.
2017-06-22 15:56:59,739 INFO  - Checker is working.
2017-06-22 15:56:59,739 INFO  - Router client[4] started.
2017-06-22 15:56:59,739 INFO  - Checker is working.
2017-06-22 15:56:59,741 INFO  - Checker is working.
2017-06-22 15:56:59,745 INFO  - Checker is working.
2017-06-22 15:56:59,746 INFO  - Hourly report: [3]: hour:0 day:0 total:1
2017-06-22 15:56:59,746 INFO  - Hourly report: [4]: hour:0 day:0 total:1
2017-06-22 15:56:59,747 INFO  - Hourly report: [2]: hour:0 day:0 total:1
2017-06-22 15:56:59,746 INFO  - Hourly report: [1]: hour:0 day:0 total:1
2017-06-22 15:56:59,749 INFO  - Send request[201706220100000001]
2017-06-22 15:56:59,749 INFO  - Send request[201706220200000001]
2017-06-22 15:56:59,749 INFO  - Send request[201706220400000001]
2017-06-22 15:56:59,749 INFO  - Send request[201706220300000001]
2017-06-22 15:56:59,852 INFO  - Send request[201706220200000002]
2017-06-22 15:56:59,953 INFO  - Send request[201706220400000002]
2017-06-22 15:57:00,455 INFO  - Send request[201706220400000003]
2017-06-22 15:57:00,656 INFO  - Send request[201706220300000002]
2017-06-22 15:57:00,756 INFO  - Send request[201706220200000003]
2017-06-22 15:57:00,756 INFO  - Send request[201706220100000002]
2017-06-22 15:57:00,958 INFO  - Send request[201706220300000003]
2017-06-22 15:57:01,059 INFO  - Send request[201706220300000004]
2017-06-22 15:57:01,258 INFO  - Send request[201706220200000004]
2017-06-22 15:57:01,460 INFO  - Send request[201706220400000004]
2017-06-22 15:57:01,761 INFO  - Send request[201706220100000003]
2017-06-22 15:57:01,863 INFO  - Send request[201706220300000005]
2017-06-22 15:57:02,162 INFO  - Send request[201706220200000005]
2017-06-22 15:57:02,164 INFO  - Send request[201706220400000005]
2017-06-22 15:57:02,267 INFO  - Send request[201706220300000006]
2017-06-22 15:57:02,364 INFO  - Send request[201706220200000006]
2017-06-22 15:57:02,366 INFO  - Send request[201706220400000006]
2017-06-22 15:57:02,670 INFO  - Send request[201706220100000004]
2017-06-22 15:57:02,771 INFO  - Send request[201706220400000007]
2017-06-22 15:57:02,869 INFO  - Send request[201706220200000007]
2017-06-22 15:57:02,972 INFO  - Send request[201706220400000008]
2017-06-22 15:57:03,074 INFO  - Send request[201706220300000007]
2017-06-22 15:57:03,171 INFO  - Send request[201706220200000008]
2017-06-22 15:57:03,374 INFO  - Send request[201706220100000005]
2017-06-22 15:57:03,475 INFO  - Send request[201706220100000006]
2017-06-22 15:57:03,476 INFO  - Send request[201706220400000009]
2017-06-22 15:57:03,678 INFO  - Send request[201706220400000010]
2017-06-22 15:57:03,776 INFO  - Send request[201706220200000009]
2017-06-22 15:57:03,779 INFO  - Send request[201706220300000008]
2017-06-22 15:57:04,180 INFO  - Send request[201706220400000011]
2017-06-22 15:57:04,382 INFO  - Send request[201706220400000012]
2017-06-22 15:57:04,482 INFO  - Send request[201706220200000010]
2017-06-22 15:57:04,483 INFO  - Send request[201706220100000007]
2017-06-22 15:57:04,684 INFO  - Send request[201706220200000011]
2017-06-22 15:57:04,685 INFO  - Send request[201706220100000008]
2017-06-22 15:57:04,686 INFO  - Send request[201706220300000009]
2017-06-22 15:57:04,887 INFO  - Send request[201706220100000009]
2017-06-22 15:57:05,187 INFO  - Send request[201706220400000013]
2017-06-22 15:57:05,289 INFO  - Send request[201706220200000012]
2017-06-22 15:57:05,592 INFO  - Send request[201706220200000013]
2017-06-22 15:57:05,592 INFO  - Send request[201706220300000010]
2017-06-22 15:57:05,893 INFO  - Send request[201706220100000010]
2017-06-22 15:57:05,893 INFO  - Send request[201706220200000014]
2017-06-22 15:57:06,194 INFO  - Send request[201706220400000014]
2017-06-22 15:57:06,197 INFO  - Send request[201706220200000015]
2017-06-22 15:57:06,496 INFO  - Send request[201706220300000011]
2017-06-22 15:57:06,899 INFO  - Send request[201706220100000011]
2017-06-22 15:57:07,101 INFO  - Send request[201706220200000016]
2017-06-22 15:57:07,200 INFO  - Send request[201706220400000015]
2017-06-22 15:57:07,302 INFO  - Send request[201706220400000016]
2017-06-22 15:57:07,502 INFO  - Send request[201706220300000012]
2017-06-22 15:57:07,604 INFO  - Send request[201706220100000012]
2017-06-22 15:57:07,703 INFO  - Send request[201706220300000013]
2017-06-22 15:57:07,804 INFO  - Send request[201706220300000014]
2017-06-22 15:57:07,905 INFO  - Send request[201706220200000017]
2017-06-22 15:57:08,107 INFO  - Send request[201706220100000013]
2017-06-22 15:57:08,208 INFO  - Send request[201706220400000017]
2017-06-22 15:57:08,309 INFO  - Send request[201706220100000014]
2017-06-22 15:57:08,609 INFO  - Send request[201706220300000015]
2017-06-22 15:57:08,811 INFO  - Send request[201706220200000018]
2017-06-22 15:57:08,811 INFO  - Send request[201706220400000018]
2017-06-22 15:57:08,913 INFO  - Send request[201706220100000015]
2017-06-22 15:57:09,416 INFO  - Send request[201706220400000019]
2017-06-22 15:57:09,514 INFO  - Send request[201706220300000016]
2017-06-22 15:57:09,618 INFO  - Send request[201706220100000016]
2017-06-22 15:57:09,715 INFO  - Send request[201706220300000017]
2017-06-22 15:57:09,716 INFO  - Send request[201706220200000019]
2017-06-22 15:57:09,818 INFO  - Send request[201706220400000020]
2017-06-22 15:57:10,319 INFO  - Send request[201706220300000018]
2017-06-22 15:57:10,322 INFO  - Send request[201706220400000021]
2017-06-22 15:57:10,421 INFO  - Send request[201706220200000020]
2017-06-22 15:57:10,622 INFO  - Send request[201706220300000019]
2017-06-22 15:57:10,624 INFO  - Send request[201706220100000017]
2017-06-22 15:57:11,228 INFO  - Send request[201706220100000018]
2017-06-22 15:57:11,326 INFO  - Send request[201706220300000020]
2017-06-22 15:57:11,328 INFO  - Send request[201706220400000022]
2017-06-22 15:57:11,427 INFO  - Send request[201706220200000021]
2017-06-22 15:57:11,530 INFO  - Send request[201706220200000022]
2017-06-22 15:57:11,530 INFO  - Send request[201706220400000023]
2017-06-22 15:57:11,729 INFO  - Send request[201706220300000021]
2017-06-22 15:57:11,831 INFO  - Send request[201706220100000019]
2017-06-22 15:57:12,033 INFO  - Send request[201706220400000024]
2017-06-22 15:57:12,232 INFO  - Send request[201706220200000023]
2017-06-22 15:57:12,536 INFO  - Send request[201706220100000020]
2017-06-22 15:57:12,637 INFO  - Send request[201706220100000021]
2017-06-22 15:57:12,735 INFO  - Send request[201706220300000022]
2017-06-22 15:57:12,937 INFO  - Send request[201706220200000024]
2017-06-22 15:57:12,939 INFO  - Send request[201706220400000025]
2017-06-22 15:57:13,137 INFO  - Send request[201706220300000023]
2017-06-22 15:57:13,543 INFO  - Send request[201706220100000022]
2017-06-22 15:57:13,743 INFO  - Send request[201706220200000025]
2017-06-22 15:57:13,946 INFO  - Send request[201706220400000026]
2017-06-22 15:57:13,946 INFO  - Send request[201706220100000023]
2017-06-22 15:57:14,045 INFO  - Send request[201706220300000024]
2017-06-22 15:57:14,347 INFO  - Send request[201706220400000027]
2017-06-22 15:57:14,449 INFO  - Send request[201706220400000028]
2017-06-22 15:57:14,647 INFO  - Send request[201706220200000026]
2017-06-22 15:57:14,748 INFO  - Send request[201706220200000027]
2017-06-22 15:57:14,751 INFO  - Send request[201706220100000024]
2017-06-22 15:57:15,050 INFO  - Send request[201706220300000025]
2017-06-22 15:57:15,053 INFO  - Send request[201706220100000025]
2017-06-22 15:57:15,150 INFO  - Send request[201706220200000028]
2017-06-22 15:57:15,252 INFO  - Send request[201706220200000029]
2017-06-22 15:57:15,353 INFO  - Send request[201706220300000026]
2017-06-22 15:57:15,454 INFO  - Send request[201706220200000030]
2017-06-22 15:57:15,455 INFO  - Send request[201706220400000029]
2017-06-22 15:57:15,556 INFO  - Send request[201706220100000026]
2017-06-22 15:57:15,755 INFO  - Send request[201706220300000027]
2017-06-22 15:57:15,757 INFO  - Send request[201706220400000030]
2017-06-22 15:57:15,958 INFO  - Send request[201706220100000027]
2017-06-22 15:57:16,260 INFO  - Checker stopped.
2017-06-22 15:57:16,458 INFO  - Send request[201706220200000031]
2017-06-22 15:57:16,558 INFO  - Send request[201706220300000028]
2017-06-22 15:57:16,761 INFO  - Send request[201706220400000031]
2017-06-22 15:57:17,162 INFO  - Send request[201706220200000032]
2017-06-22 15:57:17,190 INFO  - wait for stopped signal...
2017-06-22 15:57:17,190 INFO  - Router client[1] stopped.
2017-06-22 15:57:17,262 INFO  - Thread is stopping, cancel sleep.
2017-06-22 15:57:17,263 INFO  - Checker stopped.
2017-06-22 15:57:17,263 INFO  - Send request[201706220300000029]
2017-06-22 15:57:17,566 INFO  - Send request[201706220300000030]
2017-06-22 15:57:17,765 INFO  - Send request[201706220400000032]
2017-06-22 15:57:18,192 INFO  - wait for stopped signal...
2017-06-22 15:57:18,192 INFO  - Router client[2] stopped.
2017-06-22 15:57:18,269 INFO  - Thread is stopping, cancel sleep.
2017-06-22 15:57:18,269 INFO  - Checker stopped.
2017-06-22 15:57:18,769 INFO  - Send request[201706220400000033]
2017-06-22 15:57:19,072 INFO  - Send request[201706220400000034]
2017-06-22 15:57:19,194 INFO  - wait for stopped signal...
2017-06-22 15:57:19,194 INFO  - Router client[3] stopped.
2017-06-22 15:57:19,274 INFO  - Thread is stopping, cancel sleep.
2017-06-22 15:57:19,274 INFO  - Checker stopped.
2017-06-22 15:57:20,196 INFO  - wait for stopped signal...
2017-06-22 15:57:20,196 INFO  - Router client[4] stopped.
2017-06-22 16:39:43,767 INFO  - Router client[1] started.
2017-06-22 16:39:43,798 INFO  - Router client[2] started.
2017-06-22 16:39:43,804 INFO  - Checker is working.
2017-06-22 16:39:43,807 INFO  - Router client[3] started.
2017-06-22 16:39:43,809 INFO  - Checker is working.
2017-06-22 16:41:09,166 INFO  - Router client[1] started.
2017-06-22 16:41:09,193 INFO  - Router client[2] started.
2017-06-22 16:41:09,200 INFO  - Router client[3] started.
2017-06-22 16:41:09,207 INFO  - Router client[4] started.
2017-06-22 16:41:09,213 INFO  - Checker is working.
2017-06-22 16:41:09,214 INFO  - Checker is working.
2017-06-22 16:41:09,215 INFO  - Checker is working.
2017-06-22 16:41:09,225 INFO  - Hourly report: [1]: hour:0 day:0 total:1
2017-06-22 16:41:09,229 INFO  - Hourly report: [2]: hour:0 day:0 total:1
2017-06-22 16:41:09,233 INFO  - Checker is working.
2017-06-22 16:41:09,233 INFO  - Send request[201706220200000001]
2017-06-22 16:41:09,237 INFO  - Hourly report: [4]: hour:0 day:0 total:1
2017-06-22 16:41:09,241 INFO  - Send request[201706220400000001]
2017-06-22 16:41:09,249 INFO  - Hourly report: [3]: hour:0 day:0 total:1
2017-06-22 16:41:09,253 INFO  - Send request[201706220300000001]
2017-06-22 16:41:09,270 INFO  - Send request[201706220100000001]
2017-06-22 16:41:09,577 INFO  - Send request[201706220100000002]
2017-06-22 16:41:09,783 INFO  - Send request[201706220200000002]
2017-06-22 16:41:09,869 INFO  - Send request[201706220300000002]
2017-06-22 16:41:09,951 INFO  - Send request[201706220400000002]
2017-06-22 16:41:10,256 INFO  - Send request[201706220400000003]
2017-06-22 16:41:10,383 INFO  - Send request[201706220300000003]
2017-06-22 16:41:10,395 INFO  - Send request[201706220100000003]
2017-06-22 16:41:10,705 INFO  - Send request[201706220200000003]
2017-06-22 16:41:11,004 INFO  - Send request[201706220100000004]
2017-06-22 16:41:11,071 INFO  - Send request[201706220400000004]
2017-06-22 16:41:11,211 INFO  - Send request[201706220100000005]
2017-06-22 16:41:11,321 INFO  - Send request[201706220100000006]
2017-06-22 16:41:11,396 INFO  - Send request[201706220300000004]
2017-06-22 16:41:11,579 INFO  - Send request[201706220400000005]
2017-06-22 16:41:11,616 INFO  - Send request[201706220200000004]
2017-06-22 16:41:11,855 INFO  - Send request[201706220300000005]
2017-06-22 16:41:11,901 INFO  - Send request[201706220200000005]
2017-06-22 16:41:12,145 INFO  - Send request[201706220400000006]
2017-06-22 16:41:12,173 INFO  - Send request[201706220200000006]
2017-06-22 16:41:12,192 INFO  - Send request[201706220100000007]
2017-06-22 16:41:12,516 INFO  - Send request[201706220300000006]
2017-06-22 16:41:12,585 INFO  - Send request[201706220100000008]
2017-06-22 16:41:12,616 INFO  - Send request[201706220200000007]
2017-06-22 16:41:12,653 INFO  - Send request[201706220400000007]
2017-06-22 16:41:12,742 INFO  - Send request[201706220300000007]
2017-06-22 16:41:13,374 INFO  - Send request[201706220200000008]
2017-06-22 16:41:13,537 INFO  - Send request[201706220400000008]
2017-06-22 16:41:13,616 INFO  - Send request[201706220100000009]
2017-06-22 16:41:13,701 INFO  - Send request[201706220300000008]
2017-06-22 16:41:13,892 INFO  - Send request[201706220300000009]
2017-06-22 16:41:14,026 INFO  - Send request[201706220100000010]
2017-06-22 16:41:14,056 INFO  - Send request[201706220200000009]
2017-06-22 16:41:14,155 INFO  - Send request[201706220400000009]
2017-06-22 16:41:14,444 INFO  - Send request[201706220400000010]
2017-06-22 16:41:14,909 INFO  - Send request[201706220300000010]
2017-06-22 16:41:15,001 INFO  - Send request[201706220100000011]
2017-06-22 16:41:15,064 INFO  - Send request[201706220200000010]
2017-06-22 16:41:15,116 INFO  - Send request[201706220400000011]
2017-06-22 16:41:15,580 INFO  - Send request[201706220100000012]
2017-06-22 16:41:15,644 INFO  - Send request[201706220200000011]
2017-06-22 16:41:15,905 INFO  - Send request[201706220400000012]
2017-06-22 16:41:15,978 INFO  - Send request[201706220300000011]
2017-06-22 16:41:16,582 INFO  - Send request[201706220100000013]
2017-06-22 16:41:16,753 INFO  - Send request[201706220200000012]
2017-06-22 16:41:16,812 INFO  - Send request[201706220400000013]
2017-06-22 16:41:16,977 INFO  - Send request[201706220100000014]
2017-06-22 16:41:16,984 INFO  - Send request[201706220300000012]
2017-06-22 16:41:17,230 INFO  - Send request[201706220200000013]
2017-06-22 16:41:17,251 INFO  - Send request[201706220300000013]
2017-06-22 16:41:17,294 INFO  - Send request[201706220400000014]
2017-06-22 16:41:17,422 INFO  - Send request[201706220200000014]
2017-06-22 16:41:17,588 INFO  - Send request[201706220300000014]
2017-06-22 16:41:17,677 INFO  - Send request[201706220100000015]
2017-06-22 16:41:17,960 INFO  - Send request[201706220400000015]
2017-06-22 16:41:18,134 INFO  - Send request[201706220200000015]
2017-06-22 16:41:18,228 INFO  - Send request[201706220400000016]
2017-06-22 16:41:18,660 INFO  - Send request[201706220300000015]
2017-06-22 16:41:18,679 INFO  - Send request[201706220100000016]
2017-06-22 16:41:19,225 INFO  - Send request[201706220100000017]
2017-06-22 16:41:19,230 INFO  - Send request[201706220400000017]
2017-06-22 16:41:19,250 INFO  - Send request[201706220200000016]
2017-06-22 16:41:19,650 INFO  - Send request[201706220300000016]
2017-06-22 16:41:20,213 INFO  - Send request[201706220100000018]
2017-06-22 16:41:20,279 INFO  - Send request[201706220200000017]
2017-06-22 16:41:20,346 INFO  - Send request[201706220300000017]
2017-06-22 16:41:20,396 INFO  - Send request[201706220400000018]
2017-06-22 16:41:20,866 INFO  - Send request[201706220400000019]
2017-06-22 16:41:21,077 INFO  - Send request[201706220400000020]
2017-06-22 16:41:21,184 INFO  - Send request[201706220300000018]
2017-06-22 16:41:21,303 INFO  - Send request[201706220200000018]
2017-06-22 16:41:21,330 INFO  - Send request[201706220100000019]
2017-06-22 16:41:21,460 INFO  - Send request[201706220300000019]
2017-06-22 16:41:21,500 INFO  - Send request[201706220200000019]
2017-06-22 16:41:21,657 INFO  - Send request[201706220400000021]
2017-06-22 16:41:21,841 INFO  - Send request[201706220200000020]
2017-06-22 16:41:22,335 INFO  - Send request[201706220400000022]
2017-06-22 16:41:22,377 INFO  - Send request[201706220100000020]
2017-06-22 16:41:22,423 INFO  - Send request[201706220200000021]
2017-06-22 16:41:22,553 INFO  - Send request[201706220300000020]
2017-06-22 16:41:22,687 INFO  - Send request[201706220200000022]
2017-06-22 16:41:22,781 INFO  - Send request[201706220300000021]
2017-06-22 16:41:22,810 INFO  - Send request[201706220100000021]
2017-06-22 16:41:23,271 INFO  - Send request[201706220200000023]
2017-06-22 16:41:23,317 INFO  - Send request[201706220400000023]
2017-06-22 16:41:23,644 INFO  - Send request[201706220100000022]
2017-06-22 16:41:23,762 INFO  - Send request[201706220300000022]
2017-06-22 16:41:24,065 INFO  - Send request[201706220400000024]
2017-06-22 16:41:24,084 INFO  - Send request[201706220200000024]
2017-06-22 16:41:24,351 INFO  - Send request[201706220100000023]
2017-06-22 16:41:24,358 INFO  - Send request[201706220300000023]
2017-06-22 16:41:24,380 INFO  - Send request[201706220400000025]
2017-06-22 16:41:24,641 INFO  - Send request[201706220100000024]
2017-06-22 16:41:24,774 INFO  - Send request[201706220200000025]
2017-06-22 16:41:24,906 INFO  - Send request[201706220400000026]
2017-06-22 16:41:24,962 INFO  - Send request[201706220200000026]
2017-06-22 16:41:25,425 INFO  - Send request[201706220100000025]
2017-06-22 16:41:25,524 INFO  - Send request[201706220300000024]
2017-06-22 16:41:25,697 INFO  - Send request[201706220400000027]
2017-06-22 16:41:25,865 INFO  - Send request[201706220100000026]
2017-06-22 16:41:25,883 INFO  - Send request[201706220200000027]
2017-06-22 16:41:25,987 INFO  - Send request[201706220400000028]
2017-06-22 16:41:26,097 INFO  - Send request[201706220100000027]
2017-06-22 16:41:26,253 INFO  - Send request[201706220300000025]
2017-06-22 16:41:26,692 INFO  - Send request[201706220200000028]
2017-06-22 16:41:26,765 INFO  - Send request[201706220100000028]
2017-06-22 16:41:26,874 INFO  - Send request[201706220300000026]
2017-06-22 16:41:26,884 INFO  - Send request[201706220400000029]
2017-06-22 16:41:27,714 INFO  - Send request[201706220200000029]
2017-06-22 16:41:27,758 INFO  - Send request[201706220300000027]
2017-06-22 16:41:27,933 INFO  - Send request[201706220100000029]
2017-06-22 16:41:28,170 INFO  - Send request[201706220400000030]
2017-06-22 16:41:28,420 INFO  - Send request[201706220100000030]
2017-06-22 16:41:28,707 INFO  - Send request[201706220300000028]
2017-06-22 16:41:28,713 INFO  - Send request[201706220200000030]
2017-06-22 16:41:29,003 INFO  - Send request[201706220400000031]
2017-06-22 16:41:29,234 INFO  - Send request[201706220100000031]
2017-06-22 16:41:29,434 INFO  - Send request[201706220300000029]
2017-06-22 16:41:29,621 INFO  - Send request[201706220200000031]
2017-06-22 16:41:29,805 INFO  - Send request[201706220400000032]
2017-06-22 16:41:29,932 INFO  - Send request[201706220300000030]
2017-06-22 16:41:30,123 INFO  - Send request[201706220100000032]
2017-06-22 16:41:30,229 INFO  - Send request[201706220300000031]
2017-06-22 16:41:30,422 INFO  - Send request[201706220200000032]
2017-06-22 16:41:30,610 INFO  - Send request[201706220400000033]
2017-06-22 16:41:30,844 INFO  - Send request[201706220100000033]
2017-06-22 16:41:30,850 INFO  - Send request[201706220200000033]
2017-06-22 16:41:31,235 INFO  - Send request[201706220300000032]
2017-06-22 16:41:31,338 INFO  - Send request[201706220400000034]
2017-06-22 16:41:31,581 INFO  - Send request[201706220100000034]
2017-06-22 16:41:31,968 INFO  - Send request[201706220200000034]
2017-06-22 16:41:31,984 INFO  - Send request[201706220300000033]
2017-06-22 16:41:32,072 INFO  - Send request[201706220400000035]
2017-06-22 16:41:32,304 INFO  - Send request[201706220200000035]
2017-06-22 16:41:32,588 INFO  - Send request[201706220100000035]
2017-06-22 16:41:32,694 INFO  - Send request[201706220400000036]
2017-06-22 16:41:32,905 INFO  - Send request[201706220300000034]
2017-06-22 16:41:32,942 INFO  - Send request[201706220400000037]
2017-06-22 16:41:33,007 INFO  - Send request[201706220200000036]
2017-06-22 16:41:33,424 INFO  - Send request[201706220100000036]
2017-06-22 16:41:33,601 INFO  - Send request[201706220300000035]
2017-06-22 16:41:33,643 INFO  - Checker stopped.
2017-06-22 16:41:33,801 INFO  - Send request[201706220400000038]
2017-06-22 16:41:33,994 INFO  - Send request[201706220200000037]
2017-06-22 16:41:34,510 INFO  - Send request[201706220300000036]
2017-06-22 16:41:34,610 INFO  - wait for stopped signal...
2017-06-22 17:22:53,211 INFO  - Router client[1] started.
2017-06-22 17:22:53,243 INFO  - Router client[2] started.
2017-06-22 17:22:53,247 INFO  - Checker is working.
2017-06-22 17:22:53,250 INFO  - Router client[3] started.
2017-06-22 17:22:53,253 INFO  - Checker is working.
2017-06-22 17:24:59,737 INFO  - Router client[1] started.
2017-06-22 17:24:59,759 INFO  - Router client[2] started.
2017-06-22 17:24:59,761 INFO  - Checker is working.
2017-06-22 17:24:59,763 INFO  - Router client[3] started.
2017-06-22 17:24:59,765 INFO  - Checker is working.
2017-06-22 17:29:05,648 INFO  - Router client[1] started.
2017-06-22 17:29:05,670 INFO  - Router client[2] started.
2017-06-22 17:29:05,672 INFO  - Checker is working.
2017-06-22 17:29:05,676 INFO  - Router client[3] started.
2017-06-22 17:29:05,678 INFO  - Checker is working.
2017-06-22 17:29:45,450 INFO  - Router client[1] started.
2017-06-22 17:29:45,474 INFO  - Router client[2] started.
2017-06-22 17:29:45,477 INFO  - Checker is working.
2017-06-22 17:29:45,480 INFO  - Router client[3] started.
2017-06-22 17:29:45,482 INFO  - Checker is working.
2017-06-22 17:31:00,417 INFO  - Router client[1] started.
2017-06-22 17:31:00,451 INFO  - Router client[2] started.
2017-06-22 17:31:00,453 INFO  - Checker is working.
2017-06-22 17:31:00,467 INFO  - Checker is working.
2017-06-22 17:31:00,468 INFO  - Router client[3] started.
2017-06-22 17:32:11,799 INFO  - Checker is working.
2017-06-22 17:44:10,884 INFO  - Checker is working.
